The target system is: Emscripten - 1 - x86
The host system is: Linux - 6.6.13+bpo-amd64 - x86_64
Determining if the include file unistd.h exists passed with the following output:
Change Dir: /home/brett/Documents/code/c++/graphs/embuild/CMakeFiles/CMakeScratch/TryCompile-CmwDX5

Run Build Command(s):/usr/bin/gmake -f Makefile cmTC_cd96b/fast && /usr/bin/gmake  -f CMakeFiles/cmTC_cd96b.dir/build.make CMakeFiles/cmTC_cd96b.dir/build
gmake[1]: Entering directory '/home/brett/Documents/code/c++/graphs/embuild/CMakeFiles/CMakeScratch/TryCompile-CmwDX5'
Building C object CMakeFiles/cmTC_cd96b.dir/CheckIncludeFile.c.o
/home/brett/Documents/git/emsdk/upstream/emscripten/emcc    -MD -MT CMakeFiles/cmTC_cd96b.dir/CheckIncludeFile.c.o -MF CMakeFiles/cmTC_cd96b.dir/CheckIncludeFile.c.o.d -o CMakeFiles/cmTC_cd96b.dir/CheckIncludeFile.c.o -c /home/brett/Documents/code/c++/graphs/embuild/CMakeFiles/CMakeScratch/TryCompile-CmwDX5/CheckIncludeFile.c
Linking C executable cmTC_cd96b.js
/usr/bin/cmake -E cmake_link_script CMakeFiles/cmTC_cd96b.dir/link.txt --verbose=1
/home/brett/Documents/git/emsdk/upstream/emscripten/emcc @CMakeFiles/cmTC_cd96b.dir/objects1 -o cmTC_cd96b.js 
gmake[1]: Leaving directory '/home/brett/Documents/code/c++/graphs/embuild/CMakeFiles/CMakeScratch/TryCompile-CmwDX5'



Determining if the include file fcntl.h exists passed with the following output:
Change Dir: /home/brett/Documents/code/c++/graphs/embuild/CMakeFiles/CMakeScratch/TryCompile-7fpEtf

Run Build Command(s):/usr/bin/gmake -f Makefile cmTC_07e0b/fast && /usr/bin/gmake  -f CMakeFiles/cmTC_07e0b.dir/build.make CMakeFiles/cmTC_07e0b.dir/build
gmake[1]: Entering directory '/home/brett/Documents/code/c++/graphs/embuild/CMakeFiles/CMakeScratch/TryCompile-7fpEtf'
Building C object CMakeFiles/cmTC_07e0b.dir/CheckIncludeFile.c.o
/home/brett/Documents/git/emsdk/upstream/emscripten/emcc    -MD -MT CMakeFiles/cmTC_07e0b.dir/CheckIncludeFile.c.o -MF CMakeFiles/cmTC_07e0b.dir/CheckIncludeFile.c.o.d -o CMakeFiles/cmTC_07e0b.dir/CheckIncludeFile.c.o -c /home/brett/Documents/code/c++/graphs/embuild/CMakeFiles/CMakeScratch/TryCompile-7fpEtf/CheckIncludeFile.c
Linking C executable cmTC_07e0b.js
/usr/bin/cmake -E cmake_link_script CMakeFiles/cmTC_07e0b.dir/link.txt --verbose=1
/home/brett/Documents/git/emsdk/upstream/emscripten/emcc @CMakeFiles/cmTC_07e0b.dir/objects1 -o cmTC_07e0b.js 
gmake[1]: Leaving directory '/home/brett/Documents/code/c++/graphs/embuild/CMakeFiles/CMakeScratch/TryCompile-7fpEtf'



